# JRE version: OpenJDK Runtime Environment Temurin-17.0.3+7 (17.0.3+7) (build 17.0.3+7)
# Java VM: OpenJDK 64-Bit Server VM Temurin-17.0.3+7 (17.0.3+7, mixed mode, tiered, compressed oops, compressed class ptrs, g1 gc, windows-amd64)
GC Precious Log:
 CPUs: 8 total, 8 available
 Memory: 16039M
 Large Page Support: Disabled
 NUMA Support: Disabled
 Compressed Oops: Enabled (Zero based)
 Heap Region Size: 2M
 Heap Min Capacity: 8M
 Heap Initial Capacity: 252M
 Heap Max Capacity: 4010M
 Pre-touch: Disabled
 Parallel Workers: 8
 Concurrent Workers: 2
 Concurrent Refinement Workers: 8
 Periodic GC: Disabled
Heap:
 garbage-first heap   total 264192K, used 152389K [0x0000000705600000, 0x0000000800000000)
  region size 2048K, 1 young (2048K), 1 survivors (2048K)
 Metaspace       used 62379K, committed 62720K, reserved 1105920K
  class space    used 6695K, committed 6848K, reserved 1048576K
GC Heap History (20 events):
Event: 74.288 GC heap after
{Heap after GC invocations=16 (full 0):
 garbage-first heap   total 92160K, used 42471K [0x0000000705600000, 0x0000000800000000)
  region size 2048K, 2 young (4096K), 2 survivors (4096K)
 Metaspace       used 55542K, committed 55808K, reserved 1105920K
  class space    used 5830K, committed 5952K, reserved 1048576K
}
Event: 74.370 GC heap before
{Heap before GC invocations=17 (full 0):
 garbage-first heap   total 92160K, used 62951K [0x0000000705600000, 0x0000000800000000)
  region size 2048K, 12 young (24576K), 2 survivors (4096K)
 Metaspace       used 55542K, committed 55808K, reserved 1105920K
  class space    used 5830K, committed 5952K, reserved 1048576K
}
Event: 74.374 GC heap after
{Heap after GC invocations=18 (full 0):
 garbage-first heap   total 92160K, used 50598K [0x0000000705600000, 0x0000000800000000)
  region size 2048K, 2 young (4096K), 2 survivors (4096K)
 Metaspace       used 55542K, committed 55808K, reserved 1105920K
  class space    used 5830K, committed 5952K, reserved 1048576K
}
Event: 74.418 GC heap before
{Heap before GC invocations=18 (full 0):
 garbage-first heap   total 92160K, used 64934K [0x0000000705600000, 0x0000000800000000)
  region size 2048K, 9 young (18432K), 2 survivors (4096K)
 Metaspace       used 55542K, committed 55808K, reserved 1105920K
  class space    used 5830K, committed 5952K, reserved 1048576K
}
Event: 74.423 GC heap after
{Heap after GC invocations=19 (full 0):
 garbage-first heap   total 92160K, used 59137K [0x0000000705600000, 0x0000000800000000)
  region size 2048K, 2 young (4096K), 2 survivors (4096K)
 Metaspace       used 55542K, committed 55808K, reserved 1105920K
  class space    used 5830K, committed 5952K, reserved 1048576K
}
Event: 74.448 GC heap before
{Heap before GC invocations=19 (full 0):
 garbage-first heap   total 92160K, used 69377K [0x0000000705600000, 0x0000000800000000)
  region size 2048K, 7 young (14336K), 2 survivors (4096K)
 Metaspace       used 55542K, committed 55808K, reserved 1105920K
  class space    used 5830K, committed 5952K, reserved 1048576K
}
Event: 74.452 GC heap after
{Heap after GC invocations=20 (full 0):
 garbage-first heap   total 92160K, used 65340K [0x0000000705600000, 0x0000000800000000)
  region size 2048K, 1 young (2048K), 1 survivors (2048K)
 Metaspace       used 55542K, committed 55808K, reserved 1105920K
  class space    used 5830K, committed 5952K, reserved 1048576K
}
Event: 74.470 GC heap before
{Heap before GC invocations=20 (full 0):
 garbage-first heap   total 116736K, used 71484K [0x0000000705600000, 0x0000000800000000)
  region size 2048K, 4 young (8192K), 1 survivors (2048K)
 Metaspace       used 55542K, committed 55808K, reserved 1105920K
  class space    used 5830K, committed 5952K, reserved 1048576K
}
Event: 74.473 GC heap after
{Heap after GC invocations=21 (full 0):
 garbage-first heap   total 116736K, used 69632K [0x0000000705600000, 0x0000000800000000)
  region size 2048K, 1 young (2048K), 1 survivors (2048K)
 Metaspace       used 55542K, committed 55808K, reserved 1105920K
  class space    used 5830K, committed 5952K, reserved 1048576K
}
Event: 74.512 GC heap before
{Heap before GC invocations=22 (full 0):
 garbage-first heap   total 116736K, used 83968K [0x0000000705600000, 0x0000000800000000)
  region size 2048K, 8 young (16384K), 1 survivors (2048K)
 Metaspace       used 55542K, committed 55808K, reserved 1105920K
  class space    used 5830K, committed 5952K, reserved 1048576K
}
Event: 74.517 GC heap after
{Heap after GC invocations=23 (full 0):
 garbage-first heap   total 233472K, used 79148K [0x0000000705600000, 0x0000000800000000)
  region size 2048K, 1 young (2048K), 1 survivors (2048K)
 Metaspace       used 55542K, committed 55808K, reserved 1105920K
  class space    used 5830K, committed 5952K, reserved 1048576K
}
Event: 74.604 GC heap before
{Heap before GC invocations=23 (full 0):
 garbage-first heap   total 233472K, used 128300K [0x0000000705600000, 0x0000000800000000)
  region size 2048K, 24 young (49152K), 1 survivors (2048K)
 Metaspace       used 55561K, committed 55808K, reserved 1105920K
  class space    used 5833K, committed 5952K, reserved 1048576K
}
Event: 74.619 GC heap after
{Heap after GC invocations=24 (full 0):
 garbage-first heap   total 233472K, used 109579K [0x0000000705600000, 0x0000000800000000)
  region size 2048K, 3 young (6144K), 3 survivors (6144K)
 Metaspace       used 55561K, committed 55808K, reserved 1105920K
  class space    used 5833K, committed 5952K, reserved 1048576K
}
Event: 74.664 GC heap before
{Heap before GC invocations=24 (full 0):
 garbage-first heap   total 233472K, used 144395K [0x0000000705600000, 0x0000000800000000)
  region size 2048K, 21 young (43008K), 3 survivors (6144K)
 Metaspace       used 55561K, committed 55808K, reserved 1105920K
  class space    used 5833K, committed 5952K, reserved 1048576K
}
Event: 74.678 GC heap after
{Heap after GC invocations=25 (full 0):
 garbage-first heap   total 233472K, used 131072K [0x0000000705600000, 0x0000000800000000)
  region size 2048K, 3 young (6144K), 3 survivors (6144K)
 Metaspace       used 55561K, committed 55808K, reserved 1105920K
  class space    used 5833K, committed 5952K, reserved 1048576K
}
Event: 74.720 GC heap before
{Heap before GC invocations=25 (full 0):
 garbage-first heap   total 233472K, used 157696K [0x0000000705600000, 0x0000000800000000)
  region size 2048K, 17 young (34816K), 3 survivors (6144K)
 Metaspace       used 55561K, committed 55808K, reserved 1105920K
  class space    used 5833K, committed 5952K, reserved 1048576K
}
Event: 74.730 GC heap after
{Heap after GC invocations=26 (full 0):
 garbage-first heap   total 233472K, used 148071K [0x0000000705600000, 0x0000000800000000)
  region size 2048K, 3 young (6144K), 3 survivors (6144K)
 Metaspace       used 55561K, committed 55808K, reserved 1105920K
  class space    used 5833K, committed 5952K, reserved 1048576K
}
Event: 75.092 GC heap before
{Heap before GC invocations=27 (full 0):
 garbage-first heap   total 264192K, used 166503K [0x0000000705600000, 0x0000000800000000)
  region size 2048K, 13 young (26624K), 3 survivors (6144K)
 Metaspace       used 60095K, committed 60352K, reserved 1105920K
  class space    used 6360K, committed 6464K, reserved 1048576K
}
Event: 75.098 GC heap after
{Heap after GC invocations=28 (full 0):
 garbage-first heap   total 264192K, used 152090K [0x0000000705600000, 0x0000000800000000)
  region size 2048K, 2 young (4096K), 2 survivors (4096K)
 Metaspace       used 60095K, committed 60352K, reserved 1105920K
  class space    used 6360K, committed 6464K, reserved 1048576K
}
Event: 75.284 GC heap before
{Heap before GC invocations=28 (full 0):
 garbage-first heap   total 264192K, used 160282K [0x0000000705600000, 0x0000000800000000)
  region size 2048K, 6 young (12288K), 2 survivors (4096K)
 Metaspace       used 62379K, committed 62720K, reserved 1105920K
  class space    used 6695K, committed 6848K, reserved 1048576K
}

