# JRE version: OpenJDK Runtime Environment Temurin-17.0.3+7 (17.0.3+7) (build 17.0.3+7)
# Java VM: OpenJDK 64-Bit Server VM Temurin-17.0.3+7 (17.0.3+7, mixed mode, tiered, compressed oops, compressed class ptrs, g1 gc, windows-amd64)
GC Precious Log:
 CPUs: 8 total, 8 available
 Memory: 16039M
 Large Page Support: Disabled
 NUMA Support: Disabled
 Compressed Oops: Enabled (Zero based)
 Heap Region Size: 2M
 Heap Min Capacity: 8M
 Heap Initial Capacity: 252M
 Heap Max Capacity: 4010M
 Pre-touch: Disabled
 Parallel Workers: 8
 Concurrent Workers: 2
 Concurrent Refinement Workers: 8
 Periodic GC: Disabled
Heap:
 garbage-first heap   total 75776K, used 38020K [0x0000000705600000, 0x0000000800000000)
  region size 2048K, 8 young (16384K), 1 survivors (2048K)
 Metaspace       used 46363K, committed 46656K, reserved 1097728K
  class space    used 5154K, committed 5312K, reserved 1048576K
GC Heap History (16 events):
Event: 0.680 GC heap before
{Heap before GC invocations=0 (full 0):
 garbage-first heap   total 258048K, used 26624K [0x0000000705600000, 0x0000000800000000)
  region size 2048K, 11 young (22528K), 0 survivors (0K)
 Metaspace       used 13848K, committed 14016K, reserved 1064960K
  class space    used 1355K, committed 1408K, reserved 1048576K
}
Event: 0.686 GC heap after
{Heap after GC invocations=1 (full 0):
 garbage-first heap   total 258048K, used 15769K [0x0000000705600000, 0x0000000800000000)
  region size 2048K, 2 young (4096K), 2 survivors (4096K)
 Metaspace       used 13848K, committed 14016K, reserved 1064960K
  class space    used 1355K, committed 1408K, reserved 1048576K
}
Event: 1.041 GC heap before
{Heap before GC invocations=1 (full 0):
 garbage-first heap   total 258048K, used 34201K [0x0000000705600000, 0x0000000800000000)
  region size 2048K, 11 young (22528K), 2 survivors (4096K)
 Metaspace       used 19333K, committed 19520K, reserved 1073152K
  class space    used 2027K, committed 2112K, reserved 1048576K
}
Event: 1.045 GC heap after
{Heap after GC invocations=2 (full 0):
 garbage-first heap   total 258048K, used 17890K [0x0000000705600000, 0x0000000800000000)
  region size 2048K, 1 young (2048K), 1 survivors (2048K)
 Metaspace       used 19333K, committed 19520K, reserved 1073152K
  class space    used 2027K, committed 2112K, reserved 1048576K
}
Event: 1.307 GC heap before
{Heap before GC invocations=2 (full 0):
 garbage-first heap   total 258048K, used 24034K [0x0000000705600000, 0x0000000800000000)
  region size 2048K, 5 young (10240K), 1 survivors (2048K)
 Metaspace       used 21331K, committed 21504K, reserved 1073152K
  class space    used 2247K, committed 2368K, reserved 1048576K
}
Event: 1.313 GC heap after
{Heap after GC invocations=3 (full 0):
 garbage-first heap   total 258048K, used 18514K [0x0000000705600000, 0x0000000800000000)
  region size 2048K, 2 young (4096K), 2 survivors (4096K)
 Metaspace       used 21331K, committed 21504K, reserved 1073152K
  class space    used 2247K, committed 2368K, reserved 1048576K
}
Event: 8.380 GC heap before
{Heap before GC invocations=4 (full 0):
 garbage-first heap   total 75776K, used 51282K [0x0000000705600000, 0x0000000800000000)
  region size 2048K, 19 young (38912K), 2 survivors (4096K)
 Metaspace       used 32184K, committed 32448K, reserved 1081344K
  class space    used 3403K, committed 3520K, reserved 1048576K
}
Event: 8.385 GC heap after
{Heap after GC invocations=5 (full 0):
 garbage-first heap   total 75776K, used 21519K [0x0000000705600000, 0x0000000800000000)
  region size 2048K, 3 young (6144K), 3 survivors (6144K)
 Metaspace       used 32184K, committed 32448K, reserved 1081344K
  class space    used 3403K, committed 3520K, reserved 1048576K
}
Event: 8.559 GC heap before
{Heap before GC invocations=5 (full 0):
 garbage-first heap   total 75776K, used 23567K [0x0000000705600000, 0x0000000800000000)
  region size 2048K, 4 young (8192K), 3 survivors (6144K)
 Metaspace       used 33372K, committed 33536K, reserved 1081344K
  class space    used 3524K, committed 3584K, reserved 1048576K
}
Event: 8.563 GC heap after
{Heap after GC invocations=6 (full 0):
 garbage-first heap   total 75776K, used 22064K [0x0000000705600000, 0x0000000800000000)
  region size 2048K, 1 young (2048K), 1 survivors (2048K)
 Metaspace       used 33372K, committed 33536K, reserved 1081344K
  class space    used 3524K, committed 3584K, reserved 1048576K
}
Event: 9.227 GC heap before
{Heap before GC invocations=6 (full 0):
 garbage-first heap   total 75776K, used 32304K [0x0000000705600000, 0x0000000800000000)
  region size 2048K, 7 young (14336K), 1 survivors (2048K)
 Metaspace       used 35701K, committed 35968K, reserved 1081344K
  class space    used 3880K, committed 4032K, reserved 1048576K
}
Event: 9.229 GC heap after
{Heap after GC invocations=7 (full 0):
 garbage-first heap   total 75776K, used 22148K [0x0000000705600000, 0x0000000800000000)
  region size 2048K, 1 young (2048K), 1 survivors (2048K)
 Metaspace       used 35701K, committed 35968K, reserved 1081344K
  class space    used 3880K, committed 4032K, reserved 1048576K
}
Event: 17.283 GC heap before
{Heap before GC invocations=8 (full 0):
 garbage-first heap   total 75776K, used 46724K [0x0000000705600000, 0x0000000800000000)
  region size 2048K, 14 young (28672K), 1 survivors (2048K)
 Metaspace       used 42180K, committed 42432K, reserved 1089536K
  class space    used 4753K, committed 4864K, reserved 1048576K
}
Event: 17.287 GC heap after
{Heap after GC invocations=9 (full 0):
 garbage-first heap   total 75776K, used 24554K [0x0000000705600000, 0x0000000800000000)
  region size 2048K, 2 young (4096K), 2 survivors (4096K)
 Metaspace       used 42180K, committed 42432K, reserved 1089536K
  class space    used 4753K, committed 4864K, reserved 1048576K
}
Event: 35.347 GC heap before
{Heap before GC invocations=9 (full 0):
 garbage-first heap   total 75776K, used 51178K [0x0000000705600000, 0x0000000800000000)
  region size 2048K, 15 young (30720K), 2 survivors (4096K)
 Metaspace       used 45980K, committed 46272K, reserved 1097728K
  class space    used 5146K, committed 5312K, reserved 1048576K
}
Event: 35.353 GC heap after
{Heap after GC invocations=10 (full 0):
 garbage-first heap   total 75776K, used 25732K [0x0000000705600000, 0x0000000800000000)
  region size 2048K, 1 young (2048K), 1 survivors (2048K)
 Metaspace       used 45980K, committed 46272K, reserved 1097728K
  class space    used 5146K, committed 5312K, reserved 1048576K
}

