# JRE version: OpenJDK Runtime Environment Temurin-17.0.3+7 (17.0.3+7) (build 17.0.3+7)
# Java VM: OpenJDK 64-Bit Server VM Temurin-17.0.3+7 (17.0.3+7, mixed mode, tiered, compressed oops, compressed class ptrs, g1 gc, windows-amd64)
GC Precious Log:
 CPUs: 8 total, 8 available
 Memory: 16039M
 Large Page Support: Disabled
 NUMA Support: Disabled
 Compressed Oops: Enabled (Zero based)
 Heap Region Size: 2M
 Heap Min Capacity: 8M
 Heap Initial Capacity: 252M
 Heap Max Capacity: 4010M
 Pre-touch: Disabled
 Parallel Workers: 8
 Concurrent Workers: 2
 Concurrent Refinement Workers: 8
 Periodic GC: Disabled
Heap:
 garbage-first heap   total 258048K, used 152860K [0x0000000705600000, 0x0000000800000000)
  region size 2048K, 1 young (2048K), 1 survivors (2048K)
 Metaspace       used 55758K, committed 56000K, reserved 1105920K
  class space    used 5828K, committed 5952K, reserved 1048576K
GC Heap History (20 events):
Event: 75.608 GC heap after
{Heap after GC invocations=16 (full 0):
 garbage-first heap   total 75776K, used 37299K [0x0000000705600000, 0x0000000800000000)
  region size 2048K, 3 young (6144K), 3 survivors (6144K)
 Metaspace       used 55726K, committed 56000K, reserved 1105920K
  class space    used 5828K, committed 5952K, reserved 1048576K
}
Event: 75.636 GC heap before
{Heap before GC invocations=16 (full 0):
 garbage-first heap   total 75776K, used 53683K [0x0000000705600000, 0x0000000800000000)
  region size 2048K, 11 young (22528K), 3 survivors (6144K)
 Metaspace       used 55728K, committed 56000K, reserved 1105920K
  class space    used 5828K, committed 5952K, reserved 1048576K
}
Event: 75.641 GC heap after
{Heap after GC invocations=17 (full 0):
 garbage-first heap   total 75776K, used 41557K [0x0000000705600000, 0x0000000800000000)
  region size 2048K, 2 young (4096K), 2 survivors (4096K)
 Metaspace       used 55728K, committed 56000K, reserved 1105920K
  class space    used 5828K, committed 5952K, reserved 1048576K
}
Event: 75.667 GC heap before
{Heap before GC invocations=17 (full 0):
 garbage-first heap   total 75776K, used 53845K [0x0000000705600000, 0x0000000800000000)
  region size 2048K, 9 young (18432K), 2 survivors (4096K)
 Metaspace       used 55745K, committed 56000K, reserved 1105920K
  class space    used 5828K, committed 5952K, reserved 1048576K
}
Event: 75.671 GC heap after
{Heap after GC invocations=18 (full 0):
 garbage-first heap   total 75776K, used 45617K [0x0000000705600000, 0x0000000800000000)
  region size 2048K, 2 young (4096K), 2 survivors (4096K)
 Metaspace       used 55745K, committed 56000K, reserved 1105920K
  class space    used 5828K, committed 5952K, reserved 1048576K
}
Event: 75.698 GC heap before
{Heap before GC invocations=18 (full 0):
 garbage-first heap   total 96256K, used 53809K [0x0000000705600000, 0x0000000800000000)
  region size 2048K, 7 young (14336K), 2 survivors (4096K)
 Metaspace       used 55745K, committed 56000K, reserved 1105920K
  class space    used 5828K, committed 5952K, reserved 1048576K
}
Event: 75.701 GC heap after
{Heap after GC invocations=19 (full 0):
 garbage-first heap   total 96256K, used 48724K [0x0000000705600000, 0x0000000800000000)
  region size 2048K, 1 young (2048K), 1 survivors (2048K)
 Metaspace       used 55745K, committed 56000K, reserved 1105920K
  class space    used 5828K, committed 5952K, reserved 1048576K
}
Event: 75.813 GC heap before
{Heap before GC invocations=20 (full 0):
 garbage-first heap   total 96256K, used 71252K [0x0000000705600000, 0x0000000800000000)
  region size 2048K, 12 young (24576K), 1 survivors (2048K)
 Metaspace       used 55745K, committed 56000K, reserved 1105920K
  class space    used 5828K, committed 5952K, reserved 1048576K
}
Event: 75.819 GC heap after
{Heap after GC invocations=21 (full 0):
 garbage-first heap   total 96256K, used 62250K [0x0000000705600000, 0x0000000800000000)
  region size 2048K, 2 young (4096K), 2 survivors (4096K)
 Metaspace       used 55745K, committed 56000K, reserved 1105920K
  class space    used 5828K, committed 5952K, reserved 1048576K
}
Event: 75.831 GC heap before
{Heap before GC invocations=21 (full 0):
 garbage-first heap   total 96256K, used 70442K [0x0000000705600000, 0x0000000800000000)
  region size 2048K, 6 young (12288K), 2 survivors (4096K)
 Metaspace       used 55745K, committed 56000K, reserved 1105920K
  class space    used 5828K, committed 5952K, reserved 1048576K
}
Event: 75.835 GC heap after
{Heap after GC invocations=22 (full 0):
 garbage-first heap   total 192512K, used 67022K [0x0000000705600000, 0x0000000800000000)
  region size 2048K, 1 young (2048K), 1 survivors (2048K)
 Metaspace       used 55745K, committed 56000K, reserved 1105920K
  class space    used 5828K, committed 5952K, reserved 1048576K
}
Event: 76.022 GC heap before
{Heap before GC invocations=23 (full 0):
 garbage-first heap   total 192512K, used 126414K [0x0000000705600000, 0x0000000800000000)
  region size 2048K, 28 young (57344K), 1 survivors (2048K)
 Metaspace       used 55758K, committed 56000K, reserved 1105920K
  class space    used 5828K, committed 5952K, reserved 1048576K
}
Event: 76.036 GC heap after
{Heap after GC invocations=24 (full 0):
 garbage-first heap   total 192512K, used 103361K [0x0000000705600000, 0x0000000800000000)
  region size 2048K, 4 young (8192K), 4 survivors (8192K)
 Metaspace       used 55758K, committed 56000K, reserved 1105920K
  class space    used 5828K, committed 5952K, reserved 1048576K
}
Event: 76.071 GC heap before
{Heap before GC invocations=24 (full 0):
 garbage-first heap   total 192512K, used 132033K [0x0000000705600000, 0x0000000800000000)
  region size 2048K, 19 young (38912K), 4 survivors (8192K)
 Metaspace       used 55758K, committed 56000K, reserved 1105920K
  class space    used 5828K, committed 5952K, reserved 1048576K
}
Event: 76.082 GC heap after
{Heap after GC invocations=25 (full 0):
 garbage-first heap   total 192512K, used 122802K [0x0000000705600000, 0x0000000800000000)
  region size 2048K, 3 young (6144K), 3 survivors (6144K)
 Metaspace       used 55758K, committed 56000K, reserved 1105920K
  class space    used 5828K, committed 5952K, reserved 1048576K
}
Event: 76.109 GC heap before
{Heap before GC invocations=25 (full 0):
 garbage-first heap   total 192512K, used 141234K [0x0000000705600000, 0x0000000800000000)
  region size 2048K, 12 young (24576K), 3 survivors (6144K)
 Metaspace       used 55758K, committed 56000K, reserved 1105920K
  class space    used 5828K, committed 5952K, reserved 1048576K
}
Event: 76.116 GC heap after
{Heap after GC invocations=26 (full 0):
 garbage-first heap   total 192512K, used 134541K [0x0000000705600000, 0x0000000800000000)
  region size 2048K, 2 young (4096K), 2 survivors (4096K)
 Metaspace       used 55758K, committed 56000K, reserved 1105920K
  class space    used 5828K, committed 5952K, reserved 1048576K
}
Event: 76.138 GC heap before
{Heap before GC invocations=26 (full 0):
 garbage-first heap   total 192512K, used 146829K [0x0000000705600000, 0x0000000800000000)
  region size 2048K, 9 young (18432K), 2 survivors (4096K)
 Metaspace       used 55758K, committed 56000K, reserved 1105920K
  class space    used 5828K, committed 5952K, reserved 1048576K
}
Event: 76.142 GC heap after
{Heap after GC invocations=27 (full 0):
 garbage-first heap   total 192512K, used 143667K [0x0000000705600000, 0x0000000800000000)
  region size 2048K, 2 young (4096K), 2 survivors (4096K)
 Metaspace       used 55758K, committed 56000K, reserved 1105920K
  class space    used 5828K, committed 5952K, reserved 1048576K
}
Event: 76.179 GC heap before
{Heap before GC invocations=27 (full 0):
 garbage-first heap   total 245760K, used 149811K [0x0000000705600000, 0x0000000800000000)
  region size 2048K, 7 young (14336K), 2 survivors (4096K)
 Metaspace       used 55758K, committed 56000K, reserved 1105920K
  class space    used 5828K, committed 5952K, reserved 1048576K
}

