<?xml version="1.0" encoding="UTF-8"?>
<!-- Generated by org.testng.reporters.JUnitXMLReporter -->
<testsuite hostname="DESKTOP-077G3EM" failures="1" tests="2" name="AndroidHiPiNeo" time="10.744" errors="0" timestamp="20 Sep 2023 08:55:50 GMT">
  <testcase classname="com.zee5.Android_HipiScripts.AndroidHiPiNeoP1" name="@BeforeTest AppLaunch" time="0.0">
    <skipped/>
  </testcase> <!-- @BeforeTest AppLaunch -->
  <testcase classname="com.zee5.Android_HipiScripts.AndroidHiPiNeoP1" name="@AfterTest tearDownApp" time="0.0">
    <skipped/>
  </testcase> <!-- @AfterTest tearDownApp -->
  <testcase classname="com.zee5.Android_HipiScripts.AndroidHiPiNeoP1" name="rewardsV2ModuleP1" time="1.293">
    <skipped/>
  </testcase> <!-- rewardsV2ModuleP1 -->
  <testcase classname="com.zee5.Android_HipiScripts.AndroidHiPiNeoP1" name="rewardsV2ModuleP1" time="1.302">
    <failure type="java.lang.IllegalArgumentException" message="nodeName cannot be null or empty">
      <![CDATA[java.lang.IllegalArgumentException: nodeName cannot be null or empty
	at com.aventstack.extentreports.ExtentTest.createNode(ExtentTest.java:166)
	at com.aventstack.extentreports.ExtentTest.createNode(ExtentTest.java:274)
	at com.extent.ExtentReporter.HeaderChildNode(ExtentReporter.java:216)
	at com.extent.ExtentReporter.onTestSkipped(ExtentReporter.java:207)
	at java.base/java.util.concurrent.FutureTask.run(FutureTask.java:264)
	at java.base/java.util.concurrent.ThreadPoolExecutor.runWorker(ThreadPoolExecutor.java:1136)
	at java.base/java.util.concurrent.ThreadPoolExecutor$Worker.run(ThreadPoolExecutor.java:635)
	at java.base/java.lang.Thread.run(Thread.java:833)
... Removed 13 stack frames]]>
    </failure>
  </testcase> <!-- rewardsV2ModuleP1 -->
</testsuite> <!-- AndroidHiPiNeo -->
